c:\users\cinek\source\repos\rarematrixes\rarematrixes\debug\rarematrixes.pch
c:\users\cinek\source\repos\rarematrixes\rarematrixes\debug\vc141.pdb
c:\users\cinek\source\repos\rarematrixes\rarematrixes\debug\vc141.idb
c:\users\cinek\source\repos\rarematrixes\rarematrixes\debug\stdafx.obj
c:\users\cinek\source\repos\rarematrixes\rarematrixes\debug\csparsecell.obj
c:\users\cinek\source\repos\rarematrixes\rarematrixes\debug\csparsematrix.obj
c:\users\cinek\source\repos\rarematrixes\rarematrixes\debug\helperfunctions.obj
c:\users\cinek\source\repos\rarematrixes\rarematrixes\debug\userinterface.obj
c:\users\cinek\source\repos\rarematrixes\rarematrixes\debug\main.obj
c:\users\cinek\source\repos\rarematrixes\rarematrixes\debug\rarematrixes.obj
c:\users\cinek\source\repos\rarematrixes\rarematrixes\debug\matrixprinter.obj
c:\users\cinek\source\repos\rarematrixes\debug\rarematrixes.exe
c:\users\cinek\source\repos\rarematrixes\debug\rarematrixes.ilk
c:\users\cinek\source\repos\rarematrixes\debug\rarematrixes.pdb
c:\users\cinek\source\repos\rarematrixes\rarematrixes\debug\rarematrixes.tlog\cl.command.1.tlog
c:\users\cinek\source\repos\rarematrixes\rarematrixes\debug\rarematrixes.tlog\cl.read.1.tlog
c:\users\cinek\source\repos\rarematrixes\rarematrixes\debug\rarematrixes.tlog\cl.write.1.tlog
c:\users\cinek\source\repos\rarematrixes\rarematrixes\debug\rarematrixes.tlog\link.command.1.tlog
c:\users\cinek\source\repos\rarematrixes\rarematrixes\debug\rarematrixes.tlog\link.read.1.tlog
c:\users\cinek\source\repos\rarematrixes\rarematrixes\debug\rarematrixes.tlog\link.write.1.tlog
